<?xml version="1.0" encoding="UTF-8"?>
<!-- Generated by org.testng.reporters.JUnitReportReporter -->
<testsuite hostname="DESKTOP-H5CHME6" failures="0" tests="1" name="TestCases.validate_login" time="7.142" errors="0" timestamp="2023-02-16T19:55:20 IST" skipped="0">
  <testcase classname="TestCases.validate_login" name="Validate" time="7.142"/>
  <system-out/>
</testsuite> <!-- TestCases.validate_login -->
