<?xml version="1.0" encoding="UTF-8"?>
<!-- Generated by org.testng.reporters.JUnitReportReporter -->
<testsuite hostname="DESKTOP-H5CHME6" failures="0" tests="1" name="ROCLoginrunner.CucumberRunnerTests" time="26.052" errors="0" timestamp="2023-01-25T22:50:26 IST" skipped="0">
  <testcase classname="ROCLoginrunner.CucumberRunnerTests" name="runScenario" time="26.052"/>
  <system-out/>
</testsuite> <!-- ROCLoginrunner.CucumberRunnerTests -->
