<?xml version="1.0" encoding="UTF-8"?>
<!-- Generated by org.testng.reporters.JUnitReportReporter -->
<testsuite hostname="DESKTOP-H5CHME6" failures="0" tests="1" name="ROCLoginrunner.CucumberRunnerTestslandlordlogin" time="23.130" errors="0" timestamp="2023-01-26T08:30:24 IST" skipped="0">
  <testcase classname="ROCLoginrunner.CucumberRunnerTestslandlordlogin" name="runScenario" time="23.130"/>
  <system-out/>
</testsuite> <!-- ROCLoginrunner.CucumberRunnerTestslandlordlogin -->
